# JRE version: OpenJDK Runtime Environment (17.0.6) (build 17.0.6+0-b2043.56-9586694)
# Java VM: OpenJDK 64-Bit Server VM (17.0.6+0-b2043.56-9586694, mixed mode, tiered, compressed oops, compressed class ptrs, g1 gc, windows-amd64)
GC Precious Log:
 CPUs: 8 total, 8 available
 Memory: 16304M
 Large Page Support: Disabled
 NUMA Support: Disabled
 Compressed Oops: Enabled (32-bit)
 Heap Region Size: 1M
 Heap Min Capacity: 8M
 Heap Initial Capacity: 256M
 Heap Max Capacity: 1536M
 Pre-touch: Disabled
 Parallel Workers: 8
 Concurrent Workers: 2
 Concurrent Refinement Workers: 8
 Periodic GC: Disabled
Heap:
 garbage-first heap   total 80896K, used 51185K [0x00000000a0000000, 0x0000000100000000)
  region size 1024K, 4 young (4096K), 3 survivors (3072K)
 Metaspace       used 50551K, committed 50944K, reserved 1097728K
  class space    used 6628K, committed 6784K, reserved 1048576K
GC Heap History (20 events):
Event: 9.936 GC heap before
{Heap before GC invocations=5 (full 0):
 garbage-first heap   total 65536K, used 44322K [0x00000000a0000000, 0x0000000100000000)
  region size 1024K, 27 young (27648K), 3 survivors (3072K)
 Metaspace       used 30143K, committed 30400K, reserved 1081344K
  class space    used 4068K, committed 4160K, reserved 1048576K
}
Event: 9.939 GC heap after
{Heap after GC invocations=6 (full 0):
 garbage-first heap   total 65536K, used 20565K [0x00000000a0000000, 0x0000000100000000)
  region size 1024K, 4 young (4096K), 4 survivors (4096K)
 Metaspace       used 30143K, committed 30400K, reserved 1081344K
  class space    used 4068K, committed 4160K, reserved 1048576K
}
Event: 10.647 GC heap before
{Heap before GC invocations=6 (full 0):
 garbage-first heap   total 65536K, used 45141K [0x00000000a0000000, 0x0000000100000000)
  region size 1024K, 29 young (29696K), 4 survivors (4096K)
 Metaspace       used 35658K, committed 35968K, reserved 1081344K
  class space    used 4728K, committed 4864K, reserved 1048576K
}
Event: 10.654 GC heap after
{Heap after GC invocations=7 (full 0):
 garbage-first heap   total 65536K, used 22727K [0x00000000a0000000, 0x0000000100000000)
  region size 1024K, 4 young (4096K), 4 survivors (4096K)
 Metaspace       used 35658K, committed 35968K, reserved 1081344K
  class space    used 4728K, committed 4864K, reserved 1048576K
}
Event: 11.106 GC heap before
{Heap before GC invocations=8 (full 0):
 garbage-first heap   total 65536K, used 46279K [0x00000000a0000000, 0x0000000100000000)
  region size 1024K, 28 young (28672K), 4 survivors (4096K)
 Metaspace       used 38444K, committed 38784K, reserved 1089536K
  class space    used 5045K, committed 5184K, reserved 1048576K
}
Event: 11.113 GC heap after
{Heap after GC invocations=9 (full 0):
 garbage-first heap   total 65536K, used 26350K [0x00000000a0000000, 0x0000000100000000)
  region size 1024K, 4 young (4096K), 4 survivors (4096K)
 Metaspace       used 38444K, committed 38784K, reserved 1089536K
  class space    used 5045K, committed 5184K, reserved 1048576K
}
Event: 11.566 GC heap before
{Heap before GC invocations=9 (full 0):
 garbage-first heap   total 65536K, used 50926K [0x00000000a0000000, 0x0000000100000000)
  region size 1024K, 25 young (25600K), 4 survivors (4096K)
 Metaspace       used 41217K, committed 41536K, reserved 1089536K
  class space    used 5361K, committed 5504K, reserved 1048576K
}
Event: 11.571 GC heap after
{Heap after GC invocations=10 (full 0):
 garbage-first heap   total 65536K, used 27582K [0x00000000a0000000, 0x0000000100000000)
  region size 1024K, 3 young (3072K), 3 survivors (3072K)
 Metaspace       used 41217K, committed 41536K, reserved 1089536K
  class space    used 5361K, committed 5504K, reserved 1048576K
}
Event: 12.110 GC heap before
{Heap before GC invocations=10 (full 0):
 garbage-first heap   total 65536K, used 48062K [0x00000000a0000000, 0x0000000100000000)
  region size 1024K, 23 young (23552K), 3 survivors (3072K)
 Metaspace       used 43115K, committed 43456K, reserved 1089536K
  class space    used 5660K, committed 5760K, reserved 1048576K
}
Event: 12.114 GC heap after
{Heap after GC invocations=11 (full 0):
 garbage-first heap   total 65536K, used 29076K [0x00000000a0000000, 0x0000000100000000)
  region size 1024K, 2 young (2048K), 2 survivors (2048K)
 Metaspace       used 43115K, committed 43456K, reserved 1089536K
  class space    used 5660K, committed 5760K, reserved 1048576K
}
Event: 12.676 GC heap before
{Heap before GC invocations=11 (full 0):
 garbage-first heap   total 65536K, used 49556K [0x00000000a0000000, 0x0000000100000000)
  region size 1024K, 22 young (22528K), 2 survivors (2048K)
 Metaspace       used 45539K, committed 45888K, reserved 1089536K
  class space    used 5931K, committed 6080K, reserved 1048576K
}
Event: 12.684 GC heap after
{Heap after GC invocations=12 (full 0):
 garbage-first heap   total 65536K, used 30759K [0x00000000a0000000, 0x0000000100000000)
  region size 1024K, 3 young (3072K), 3 survivors (3072K)
 Metaspace       used 45539K, committed 45888K, reserved 1089536K
  class space    used 5931K, committed 6080K, reserved 1048576K
}
Event: 13.177 GC heap before
{Heap before GC invocations=12 (full 0):
 garbage-first heap   total 65536K, used 50215K [0x00000000a0000000, 0x0000000100000000)
  region size 1024K, 22 young (22528K), 3 survivors (3072K)
 Metaspace       used 47505K, committed 47872K, reserved 1097728K
  class space    used 6249K, committed 6400K, reserved 1048576K
}
Event: 13.184 GC heap after
{Heap after GC invocations=13 (full 0):
 garbage-first heap   total 78848K, used 32116K [0x00000000a0000000, 0x0000000100000000)
  region size 1024K, 3 young (3072K), 3 survivors (3072K)
 Metaspace       used 47505K, committed 47872K, reserved 1097728K
  class space    used 6249K, committed 6400K, reserved 1048576K
}
Event: 14.154 GC heap before
{Heap before GC invocations=13 (full 0):
 garbage-first heap   total 78848K, used 59764K [0x00000000a0000000, 0x0000000100000000)
  region size 1024K, 30 young (30720K), 3 survivors (3072K)
 Metaspace       used 50060K, committed 50432K, reserved 1097728K
  class space    used 6583K, committed 6784K, reserved 1048576K
}
Event: 14.161 GC heap after
{Heap after GC invocations=14 (full 0):
 garbage-first heap   total 78848K, used 33945K [0x00000000a0000000, 0x0000000100000000)
  region size 1024K, 4 young (4096K), 4 survivors (4096K)
 Metaspace       used 50060K, committed 50432K, reserved 1097728K
  class space    used 6583K, committed 6784K, reserved 1048576K
}
Event: 15.041 GC heap before
{Heap before GC invocations=14 (full 0):
 garbage-first heap   total 78848K, used 60569K [0x00000000a0000000, 0x0000000100000000)
  region size 1024K, 29 young (29696K), 4 survivors (4096K)
 Metaspace       used 50551K, committed 50944K, reserved 1097728K
  class space    used 6628K, committed 6784K, reserved 1048576K
}
Event: 15.050 GC heap after
{Heap after GC invocations=15 (full 0):
 garbage-first heap   total 78848K, used 42975K [0x00000000a0000000, 0x0000000100000000)
  region size 1024K, 4 young (4096K), 4 survivors (4096K)
 Metaspace       used 50551K, committed 50944K, reserved 1097728K
  class space    used 6628K, committed 6784K, reserved 1048576K
}
Event: 15.163 GC heap before
{Heap before GC invocations=16 (full 0):
 garbage-first heap   total 80896K, used 49119K [0x00000000a0000000, 0x0000000100000000)
  region size 1024K, 8 young (8192K), 4 survivors (4096K)
 Metaspace       used 50551K, committed 50944K, reserved 1097728K
  class space    used 6628K, committed 6784K, reserved 1048576K
}
Event: 15.167 GC heap after
{Heap after GC invocations=17 (full 0):
 garbage-first heap   total 80896K, used 49137K [0x00000000a0000000, 0x0000000100000000)
  region size 1024K, 3 young (3072K), 3 survivors (3072K)
 Metaspace       used 50551K, committed 50944K, reserved 1097728K
  class space    used 6628K, committed 6784K, reserved 1048576K
}

